<?xml version="1.0" encoding="UTF-8"?>
<testng-results skipped="0" failed="0" ignored="0" total="1" passed="1">
  <reporter-output>
  </reporter-output>
  <suite name="Default suite" duration-ms="6584" started-at="2020-10-19T01:30:20Z" finished-at="2020-10-19T01:30:26Z">
    <groups>
    </groups>
    <test name="Default test" duration-ms="6584" started-at="2020-10-19T01:30:20Z" finished-at="2020-10-19T01:30:26Z">
      <class name="com.biplob.testcases.TestLogIn">
        <test-method status="PASS" signature="initialization()[pri:0, instance:com.biplob.testcases.TestLogIn@752325ad]" name="initialization" is-config="true" duration-ms="3718" started-at="2020-10-19T01:30:20Z" finished-at="2020-10-19T01:30:24Z">
          <reporter-output>
          </reporter-output>
        </test-method> <!-- initialization -->
        <test-method status="PASS" signature="login()[pri:0, instance:com.biplob.testcases.TestLogIn@752325ad]" name="login" duration-ms="2819" started-at="2020-10-19T01:30:24Z" finished-at="2020-10-19T01:30:26Z">
          <reporter-output>
          </reporter-output>
        </test-method> <!-- login -->
        <test-method status="PASS" signature="tearDown()[pri:0, instance:com.biplob.testcases.TestLogIn@752325ad]" name="tearDown" is-config="true" duration-ms="1" started-at="2020-10-19T01:30:26Z" finished-at="2020-10-19T01:30:26Z">
          <reporter-output>
          </reporter-output>
        </test-method> <!-- tearDown -->
      </class> <!-- com.biplob.testcases.TestLogIn -->
    </test> <!-- Default test -->
  </suite> <!-- Default suite -->
</testng-results>
